2021-09-15 10:31:41,828 INFO org.hibernate.validator.internal.util.Version [background-preinit] HV000001: Hibernate Validator 6.2.0.Final
2021-09-15 10:31:41,893 INFO com.ams.AttendanceManagementSystemApplication [main] Starting AttendanceManagementSystemApplication using Java 16.0.1 on DIN22007812 with PID 9000 (C:\training\sprint1\AttendanceManagementSystem\bin\main started by anarla in C:\training\sprint1\AttendanceManagementSystem)
2021-09-15 10:31:41,940 DEBUG com.ams.AttendanceManagementSystemApplication [main] Running with Spring Boot v2.5.3, Spring v5.3.9
2021-09-15 10:31:41,941 INFO com.ams.AttendanceManagementSystemApplication [main] No active profile set, falling back to default profiles: default
2021-09-15 10:31:43,473 INFO org.springframework.data.repository.config.RepositoryConfigurationDelegate [main] Bootstrapping Spring Data JPA repositories in DEFAULT mode.
2021-09-15 10:31:43,580 INFO org.springframework.data.repository.config.RepositoryConfigurationDelegate [main] Finished Spring Data repository scanning in 93 ms. Found 6 JPA repository interfaces.
2021-09-15 10:31:44,623 INFO org.springframework.boot.web.embedded.tomcat.TomcatWebServer [main] Tomcat initialized with port(s): 9090 (http)
2021-09-15 10:31:44,636 INFO org.apache.coyote.http11.Http11NioProtocol [main] Initializing ProtocolHandler ["http-nio-9090"]
2021-09-15 10:31:44,636 INFO org.apache.catalina.core.StandardService [main] Starting service [Tomcat]
2021-09-15 10:31:44,637 INFO org.apache.catalina.core.StandardEngine [main] Starting Servlet engine: [Apache Tomcat/9.0.50]
2021-09-15 10:31:44,801 INFO org.apache.catalina.core.ContainerBase.[Tomcat].[localhost].[/] [main] Initializing Spring embedded WebApplicationContext
2021-09-15 10:31:44,802 INFO org.springframework.boot.web.servlet.context.ServletWebServerApplicationContext [main] Root WebApplicationContext: initialization completed in 2769 ms
2021-09-15 10:31:45,035 DEBUG com.zaxxer.hikari.HikariConfig [main] Driver class oracle.jdbc.OracleDriver found in Thread context class loader jdk.internal.loader.ClassLoaders$AppClassLoader@2e5c649
2021-09-15 10:31:45,450 INFO org.hibernate.jpa.internal.util.LogHelper [main] HHH000204: Processing PersistenceUnitInfo [name: default]
2021-09-15 10:31:45,537 INFO org.hibernate.Version [main] HHH000412: Hibernate ORM core version 5.4.32.Final
2021-09-15 10:31:45,769 INFO org.hibernate.annotations.common.Version [main] HCANN000001: Hibernate Commons Annotations {5.1.2.Final}
2021-09-15 10:31:45,976 DEBUG com.zaxxer.hikari.HikariConfig [main] AttendenceManagementHikariCP - configuration:
2021-09-15 10:31:45,977 DEBUG com.zaxxer.hikari.HikariConfig [main] allowPoolSuspension................................false
2021-09-15 10:31:45,977 DEBUG com.zaxxer.hikari.HikariConfig [main] autoCommit................................true
2021-09-15 10:31:45,977 DEBUG com.zaxxer.hikari.HikariConfig [main] catalog................................none
2021-09-15 10:31:45,978 DEBUG com.zaxxer.hikari.HikariConfig [main] connectionInitSql................................none
2021-09-15 10:31:45,978 DEBUG com.zaxxer.hikari.HikariConfig [main] connectionTestQuery................................none
2021-09-15 10:31:45,978 DEBUG com.zaxxer.hikari.HikariConfig [main] connectionTimeout................................30000
2021-09-15 10:31:45,978 DEBUG com.zaxxer.hikari.HikariConfig [main] dataSource................................none
2021-09-15 10:31:45,978 DEBUG com.zaxxer.hikari.HikariConfig [main] dataSourceClassName................................none
2021-09-15 10:31:45,979 DEBUG com.zaxxer.hikari.HikariConfig [main] dataSourceJNDI................................none
2021-09-15 10:31:45,979 DEBUG com.zaxxer.hikari.HikariConfig [main] dataSourceProperties................................{password=<masked>}
2021-09-15 10:31:45,979 DEBUG com.zaxxer.hikari.HikariConfig [main] driverClassName................................"oracle.jdbc.OracleDriver"
2021-09-15 10:31:45,979 DEBUG com.zaxxer.hikari.HikariConfig [main] exceptionOverrideClassName................................none
2021-09-15 10:31:45,979 DEBUG com.zaxxer.hikari.HikariConfig [main] healthCheckProperties................................{}
2021-09-15 10:31:45,979 DEBUG com.zaxxer.hikari.HikariConfig [main] healthCheckRegistry................................none
2021-09-15 10:31:45,980 DEBUG com.zaxxer.hikari.HikariConfig [main] idleTimeout................................30000
2021-09-15 10:31:45,980 DEBUG com.zaxxer.hikari.HikariConfig [main] initializationFailTimeout................................1
2021-09-15 10:31:45,980 DEBUG com.zaxxer.hikari.HikariConfig [main] isolateInternalQueries................................false
2021-09-15 10:31:45,980 DEBUG com.zaxxer.hikari.HikariConfig [main] jdbcUrl................................jdbc:oracle:thin:@localhost:1521:XE
2021-09-15 10:31:45,980 DEBUG com.zaxxer.hikari.HikariConfig [main] keepaliveTime................................0
2021-09-15 10:31:45,980 DEBUG com.zaxxer.hikari.HikariConfig [main] leakDetectionThreshold................................0
2021-09-15 10:31:45,980 DEBUG com.zaxxer.hikari.HikariConfig [main] maxLifetime................................20000000
2021-09-15 10:31:45,980 DEBUG com.zaxxer.hikari.HikariConfig [main] maximumPoolSize................................20
2021-09-15 10:31:45,981 DEBUG com.zaxxer.hikari.HikariConfig [main] metricRegistry................................none
2021-09-15 10:31:45,981 DEBUG com.zaxxer.hikari.HikariConfig [main] metricsTrackerFactory................................none
2021-09-15 10:31:45,981 DEBUG com.zaxxer.hikari.HikariConfig [main] minimumIdle................................5
2021-09-15 10:31:45,981 DEBUG com.zaxxer.hikari.HikariConfig [main] password................................<masked>
2021-09-15 10:31:45,981 DEBUG com.zaxxer.hikari.HikariConfig [main] poolName................................"AttendenceManagementHikariCP"
2021-09-15 10:31:45,981 DEBUG com.zaxxer.hikari.HikariConfig [main] readOnly................................false
2021-09-15 10:31:45,981 DEBUG com.zaxxer.hikari.HikariConfig [main] registerMbeans................................false
2021-09-15 10:31:45,981 DEBUG com.zaxxer.hikari.HikariConfig [main] scheduledExecutor................................none
2021-09-15 10:31:45,981 DEBUG com.zaxxer.hikari.HikariConfig [main] schema................................none
2021-09-15 10:31:45,981 DEBUG com.zaxxer.hikari.HikariConfig [main] threadFactory................................internal
2021-09-15 10:31:45,982 DEBUG com.zaxxer.hikari.HikariConfig [main] transactionIsolation................................default
2021-09-15 10:31:45,982 DEBUG com.zaxxer.hikari.HikariConfig [main] username................................"SYSTEM"
2021-09-15 10:31:45,982 DEBUG com.zaxxer.hikari.HikariConfig [main] validationTimeout................................5000
2021-09-15 10:31:45,982 INFO com.zaxxer.hikari.HikariDataSource [main] AttendenceManagementHikariCP - Starting...
2021-09-15 10:31:46,580 DEBUG com.zaxxer.hikari.pool.HikariPool [main] AttendenceManagementHikariCP - Added connection oracle.jdbc.driver.T4CConnection@7ef60c02
2021-09-15 10:31:46,582 INFO com.zaxxer.hikari.HikariDataSource [main] AttendenceManagementHikariCP - Start completed.
2021-09-15 10:31:46,606 INFO org.hibernate.dialect.Dialect [main] HHH000400: Using dialect: org.hibernate.dialect.Oracle10gDialect
2021-09-15 10:31:46,690 DEBUG com.zaxxer.hikari.pool.HikariPool [AttendenceManagementHikariCP housekeeper] AttendenceManagementHikariCP - Before cleanup stats (total=1, active=1, idle=0, waiting=0)
2021-09-15 10:31:46,691 DEBUG com.zaxxer.hikari.pool.HikariPool [AttendenceManagementHikariCP housekeeper] AttendenceManagementHikariCP - After cleanup  stats (total=1, active=1, idle=0, waiting=0)
2021-09-15 10:31:46,727 DEBUG com.zaxxer.hikari.pool.HikariPool [AttendenceManagementHikariCP connection adder] AttendenceManagementHikariCP - Added connection oracle.jdbc.driver.T4CConnection@7aa49014
2021-09-15 10:31:46,757 DEBUG com.zaxxer.hikari.pool.HikariPool [AttendenceManagementHikariCP connection adder] AttendenceManagementHikariCP - Added connection oracle.jdbc.driver.T4CConnection@54924984
2021-09-15 10:31:46,801 DEBUG com.zaxxer.hikari.pool.HikariPool [AttendenceManagementHikariCP connection adder] AttendenceManagementHikariCP - Added connection oracle.jdbc.driver.T4CConnection@2c09ca2c
2021-09-15 10:31:46,840 DEBUG com.zaxxer.hikari.pool.HikariPool [AttendenceManagementHikariCP connection adder] AttendenceManagementHikariCP - Added connection oracle.jdbc.driver.T4CConnection@1d2ec9fb
2021-09-15 10:31:46,878 DEBUG com.zaxxer.hikari.pool.HikariPool [AttendenceManagementHikariCP connection adder] AttendenceManagementHikariCP - Added connection oracle.jdbc.driver.T4CConnection@370d249b
2021-09-15 10:31:46,878 DEBUG com.zaxxer.hikari.pool.HikariPool [AttendenceManagementHikariCP connection adder] AttendenceManagementHikariCP - After adding stats (total=6, active=1, idle=5, waiting=0)
2021-09-15 10:31:48,350 INFO org.hibernate.engine.transaction.jta.platform.internal.JtaPlatformInitiator [main] HHH000490: Using JtaPlatform implementation: [org.hibernate.engine.transaction.jta.platform.internal.NoJtaPlatform]
2021-09-15 10:31:48,412 INFO org.springframework.orm.jpa.LocalContainerEntityManagerFactoryBean [main] Initialized JPA EntityManagerFactory for persistence unit 'default'
2021-09-15 10:31:50,163 WARN org.springframework.boot.autoconfigure.orm.jpa.JpaBaseConfiguration$JpaWebConfiguration [main] spring.jpa.open-in-view is enabled by default. Therefore, database queries may be performed during view rendering. Explicitly configure spring.jpa.open-in-view to disable this warning
2021-09-15 10:31:51,917 INFO org.apache.coyote.http11.Http11NioProtocol [main] Starting ProtocolHandler ["http-nio-9090"]
2021-09-15 10:31:52,134 INFO org.springframework.boot.web.embedded.tomcat.TomcatWebServer [main] Tomcat started on port(s): 9090 (http) with context path ''
2021-09-15 10:31:53,288 INFO com.ams.AttendanceManagementSystemApplication [main] Started AttendanceManagementSystemApplication in 11.829 seconds (JVM running for 12.998)
2021-09-15 10:31:53,292 INFO com.ams.AttendanceManagementSystemApplication [main] 
~~~~~~~~~~~~~~~~~~~~~
CONNECTED TO DB
~~~~~~~~~~~~~~~~~~~~~
2021-09-15 10:31:59,012 INFO org.apache.catalina.core.ContainerBase.[Tomcat].[localhost].[/] [http-nio-9090-exec-1] Initializing Spring DispatcherServlet 'dispatcherServlet'
2021-09-15 10:31:59,012 INFO org.springframework.web.servlet.DispatcherServlet [http-nio-9090-exec-1] Initializing Servlet 'dispatcherServlet'
2021-09-15 10:31:59,014 INFO org.springframework.web.servlet.DispatcherServlet [http-nio-9090-exec-1] Completed initialization in 2 ms
2021-09-15 10:32:16,707 DEBUG com.zaxxer.hikari.pool.HikariPool [AttendenceManagementHikariCP housekeeper] AttendenceManagementHikariCP - Before cleanup stats (total=6, active=0, idle=6, waiting=0)
2021-09-15 10:32:16,707 DEBUG com.zaxxer.hikari.pool.HikariPool [AttendenceManagementHikariCP housekeeper] AttendenceManagementHikariCP - After cleanup  stats (total=6, active=0, idle=6, waiting=0)
2021-09-15 10:32:16,707 DEBUG com.zaxxer.hikari.pool.HikariPool [AttendenceManagementHikariCP housekeeper] AttendenceManagementHikariCP - Fill pool skipped, pool is at sufficient level.
2021-09-15 10:32:46,716 DEBUG com.zaxxer.hikari.pool.HikariPool [AttendenceManagementHikariCP housekeeper] AttendenceManagementHikariCP - Before cleanup stats (total=6, active=0, idle=6, waiting=0)
2021-09-15 10:32:46,721 DEBUG com.zaxxer.hikari.pool.HikariPool [AttendenceManagementHikariCP housekeeper] AttendenceManagementHikariCP - After cleanup  stats (total=5, active=0, idle=5, waiting=0)
2021-09-15 10:32:46,722 DEBUG com.zaxxer.hikari.pool.PoolBase [AttendenceManagementHikariCP connection closer] AttendenceManagementHikariCP - Closing connection oracle.jdbc.driver.T4CConnection@370d249b: (connection has passed idleTimeout)
2021-09-15 10:32:46,722 DEBUG com.zaxxer.hikari.pool.HikariPool [AttendenceManagementHikariCP housekeeper] AttendenceManagementHikariCP - Fill pool skipped, pool is at sufficient level.
2021-09-15 10:32:46,724 DEBUG com.zaxxer.hikari.pool.HikariPool [AttendenceManagementHikariCP connection closer] AttendenceManagementHikariCP - Fill pool skipped, pool is at sufficient level.
2021-09-15 10:33:16,735 DEBUG com.zaxxer.hikari.pool.HikariPool [AttendenceManagementHikariCP housekeeper] AttendenceManagementHikariCP - Before cleanup stats (total=5, active=0, idle=5, waiting=0)
2021-09-15 10:33:16,736 DEBUG com.zaxxer.hikari.pool.HikariPool [AttendenceManagementHikariCP housekeeper] AttendenceManagementHikariCP - After cleanup  stats (total=5, active=0, idle=5, waiting=0)
2021-09-15 10:33:16,743 DEBUG com.zaxxer.hikari.pool.HikariPool [AttendenceManagementHikariCP housekeeper] AttendenceManagementHikariCP - Fill pool skipped, pool is at sufficient level.
2021-09-15 10:33:46,752 DEBUG com.zaxxer.hikari.pool.HikariPool [AttendenceManagementHikariCP housekeeper] AttendenceManagementHikariCP - Before cleanup stats (total=5, active=0, idle=5, waiting=0)
2021-09-15 10:33:46,752 DEBUG com.zaxxer.hikari.pool.HikariPool [AttendenceManagementHikariCP housekeeper] AttendenceManagementHikariCP - After cleanup  stats (total=5, active=0, idle=5, waiting=0)
2021-09-15 10:33:46,753 DEBUG com.zaxxer.hikari.pool.HikariPool [AttendenceManagementHikariCP housekeeper] AttendenceManagementHikariCP - Fill pool skipped, pool is at sufficient level.
2021-09-15 10:34:16,765 DEBUG com.zaxxer.hikari.pool.HikariPool [AttendenceManagementHikariCP housekeeper] AttendenceManagementHikariCP - Before cleanup stats (total=5, active=0, idle=5, waiting=0)
2021-09-15 10:34:16,766 DEBUG com.zaxxer.hikari.pool.HikariPool [AttendenceManagementHikariCP housekeeper] AttendenceManagementHikariCP - After cleanup  stats (total=5, active=0, idle=5, waiting=0)
2021-09-15 10:34:16,766 DEBUG com.zaxxer.hikari.pool.HikariPool [AttendenceManagementHikariCP housekeeper] AttendenceManagementHikariCP - Fill pool skipped, pool is at sufficient level.
2021-09-15 10:34:46,775 DEBUG com.zaxxer.hikari.pool.HikariPool [AttendenceManagementHikariCP housekeeper] AttendenceManagementHikariCP - Before cleanup stats (total=5, active=0, idle=5, waiting=0)
2021-09-15 10:34:46,775 DEBUG com.zaxxer.hikari.pool.HikariPool [AttendenceManagementHikariCP housekeeper] AttendenceManagementHikariCP - After cleanup  stats (total=5, active=0, idle=5, waiting=0)
2021-09-15 10:34:46,775 DEBUG com.zaxxer.hikari.pool.HikariPool [AttendenceManagementHikariCP housekeeper] AttendenceManagementHikariCP - Fill pool skipped, pool is at sufficient level.
2021-09-15 10:35:16,782 DEBUG com.zaxxer.hikari.pool.HikariPool [AttendenceManagementHikariCP housekeeper] AttendenceManagementHikariCP - Before cleanup stats (total=5, active=0, idle=5, waiting=0)
2021-09-15 10:35:16,782 DEBUG com.zaxxer.hikari.pool.HikariPool [AttendenceManagementHikariCP housekeeper] AttendenceManagementHikariCP - After cleanup  stats (total=5, active=0, idle=5, waiting=0)
2021-09-15 10:35:16,783 DEBUG com.zaxxer.hikari.pool.HikariPool [AttendenceManagementHikariCP housekeeper] AttendenceManagementHikariCP - Fill pool skipped, pool is at sufficient level.
2021-09-15 10:35:46,792 DEBUG com.zaxxer.hikari.pool.HikariPool [AttendenceManagementHikariCP housekeeper] AttendenceManagementHikariCP - Before cleanup stats (total=5, active=0, idle=5, waiting=0)
2021-09-15 10:35:46,792 DEBUG com.zaxxer.hikari.pool.HikariPool [AttendenceManagementHikariCP housekeeper] AttendenceManagementHikariCP - After cleanup  stats (total=5, active=0, idle=5, waiting=0)
2021-09-15 10:35:46,792 DEBUG com.zaxxer.hikari.pool.HikariPool [AttendenceManagementHikariCP housekeeper] AttendenceManagementHikariCP - Fill pool skipped, pool is at sufficient level.
2021-09-15 10:36:16,796 DEBUG com.zaxxer.hikari.pool.HikariPool [AttendenceManagementHikariCP housekeeper] AttendenceManagementHikariCP - Before cleanup stats (total=5, active=0, idle=5, waiting=0)
2021-09-15 10:36:16,796 DEBUG com.zaxxer.hikari.pool.HikariPool [AttendenceManagementHikariCP housekeeper] AttendenceManagementHikariCP - After cleanup  stats (total=5, active=0, idle=5, waiting=0)
2021-09-15 10:36:16,796 DEBUG com.zaxxer.hikari.pool.HikariPool [AttendenceManagementHikariCP housekeeper] AttendenceManagementHikariCP - Fill pool skipped, pool is at sufficient level.
2021-09-15 10:36:46,810 DEBUG com.zaxxer.hikari.pool.HikariPool [AttendenceManagementHikariCP housekeeper] AttendenceManagementHikariCP - Before cleanup stats (total=5, active=0, idle=5, waiting=0)
2021-09-15 10:36:46,811 DEBUG com.zaxxer.hikari.pool.HikariPool [AttendenceManagementHikariCP housekeeper] AttendenceManagementHikariCP - After cleanup  stats (total=5, active=0, idle=5, waiting=0)
2021-09-15 10:36:46,811 DEBUG com.zaxxer.hikari.pool.HikariPool [AttendenceManagementHikariCP housekeeper] AttendenceManagementHikariCP - Fill pool skipped, pool is at sufficient level.
2021-09-15 10:37:16,823 DEBUG com.zaxxer.hikari.pool.HikariPool [AttendenceManagementHikariCP housekeeper] AttendenceManagementHikariCP - Before cleanup stats (total=5, active=0, idle=5, waiting=0)
2021-09-15 10:37:16,823 DEBUG com.zaxxer.hikari.pool.HikariPool [AttendenceManagementHikariCP housekeeper] AttendenceManagementHikariCP - After cleanup  stats (total=5, active=0, idle=5, waiting=0)
2021-09-15 10:37:16,823 DEBUG com.zaxxer.hikari.pool.HikariPool [AttendenceManagementHikariCP housekeeper] AttendenceManagementHikariCP - Fill pool skipped, pool is at sufficient level.
2021-09-15 10:37:46,829 DEBUG com.zaxxer.hikari.pool.HikariPool [AttendenceManagementHikariCP housekeeper] AttendenceManagementHikariCP - Before cleanup stats (total=5, active=0, idle=5, waiting=0)
2021-09-15 10:37:46,830 DEBUG com.zaxxer.hikari.pool.HikariPool [AttendenceManagementHikariCP housekeeper] AttendenceManagementHikariCP - After cleanup  stats (total=5, active=0, idle=5, waiting=0)
2021-09-15 10:37:46,830 DEBUG com.zaxxer.hikari.pool.HikariPool [AttendenceManagementHikariCP housekeeper] AttendenceManagementHikariCP - Fill pool skipped, pool is at sufficient level.
2021-09-15 10:38:16,831 DEBUG com.zaxxer.hikari.pool.HikariPool [AttendenceManagementHikariCP housekeeper] AttendenceManagementHikariCP - Before cleanup stats (total=5, active=0, idle=5, waiting=0)
2021-09-15 10:38:16,831 DEBUG com.zaxxer.hikari.pool.HikariPool [AttendenceManagementHikariCP housekeeper] AttendenceManagementHikariCP - After cleanup  stats (total=5, active=0, idle=5, waiting=0)
2021-09-15 10:38:16,831 DEBUG com.zaxxer.hikari.pool.HikariPool [AttendenceManagementHikariCP housekeeper] AttendenceManagementHikariCP - Fill pool skipped, pool is at sufficient level.
2021-09-15 10:38:46,838 DEBUG com.zaxxer.hikari.pool.HikariPool [AttendenceManagementHikariCP housekeeper] AttendenceManagementHikariCP - Before cleanup stats (total=5, active=0, idle=5, waiting=0)
2021-09-15 10:38:46,838 DEBUG com.zaxxer.hikari.pool.HikariPool [AttendenceManagementHikariCP housekeeper] AttendenceManagementHikariCP - After cleanup  stats (total=5, active=0, idle=5, waiting=0)
2021-09-15 10:38:46,838 DEBUG com.zaxxer.hikari.pool.HikariPool [AttendenceManagementHikariCP housekeeper] AttendenceManagementHikariCP - Fill pool skipped, pool is at sufficient level.
2021-09-15 10:39:16,844 DEBUG com.zaxxer.hikari.pool.HikariPool [AttendenceManagementHikariCP housekeeper] AttendenceManagementHikariCP - Before cleanup stats (total=5, active=0, idle=5, waiting=0)
2021-09-15 10:39:16,844 DEBUG com.zaxxer.hikari.pool.HikariPool [AttendenceManagementHikariCP housekeeper] AttendenceManagementHikariCP - After cleanup  stats (total=5, active=0, idle=5, waiting=0)
2021-09-15 10:39:16,844 DEBUG com.zaxxer.hikari.pool.HikariPool [AttendenceManagementHikariCP housekeeper] AttendenceManagementHikariCP - Fill pool skipped, pool is at sufficient level.
2021-09-15 10:39:46,848 DEBUG com.zaxxer.hikari.pool.HikariPool [AttendenceManagementHikariCP housekeeper] AttendenceManagementHikariCP - Before cleanup stats (total=5, active=0, idle=5, waiting=0)
2021-09-15 10:39:46,848 DEBUG com.zaxxer.hikari.pool.HikariPool [AttendenceManagementHikariCP housekeeper] AttendenceManagementHikariCP - After cleanup  stats (total=5, active=0, idle=5, waiting=0)
2021-09-15 10:39:46,849 DEBUG com.zaxxer.hikari.pool.HikariPool [AttendenceManagementHikariCP housekeeper] AttendenceManagementHikariCP - Fill pool skipped, pool is at sufficient level.
2021-09-15 10:40:16,853 DEBUG com.zaxxer.hikari.pool.HikariPool [AttendenceManagementHikariCP housekeeper] AttendenceManagementHikariCP - Before cleanup stats (total=5, active=0, idle=5, waiting=0)
2021-09-15 10:40:16,853 DEBUG com.zaxxer.hikari.pool.HikariPool [AttendenceManagementHikariCP housekeeper] AttendenceManagementHikariCP - After cleanup  stats (total=5, active=0, idle=5, waiting=0)
2021-09-15 10:40:16,853 DEBUG com.zaxxer.hikari.pool.HikariPool [AttendenceManagementHikariCP housekeeper] AttendenceManagementHikariCP - Fill pool skipped, pool is at sufficient level.
2021-09-15 10:40:46,855 DEBUG com.zaxxer.hikari.pool.HikariPool [AttendenceManagementHikariCP housekeeper] AttendenceManagementHikariCP - Before cleanup stats (total=5, active=0, idle=5, waiting=0)
2021-09-15 10:40:46,856 DEBUG com.zaxxer.hikari.pool.HikariPool [AttendenceManagementHikariCP housekeeper] AttendenceManagementHikariCP - After cleanup  stats (total=5, active=0, idle=5, waiting=0)
2021-09-15 10:40:46,856 DEBUG com.zaxxer.hikari.pool.HikariPool [AttendenceManagementHikariCP housekeeper] AttendenceManagementHikariCP - Fill pool skipped, pool is at sufficient level.
2021-09-15 10:41:16,858 DEBUG com.zaxxer.hikari.pool.HikariPool [AttendenceManagementHikariCP housekeeper] AttendenceManagementHikariCP - Before cleanup stats (total=5, active=0, idle=5, waiting=0)
2021-09-15 10:41:16,858 DEBUG com.zaxxer.hikari.pool.HikariPool [AttendenceManagementHikariCP housekeeper] AttendenceManagementHikariCP - After cleanup  stats (total=5, active=0, idle=5, waiting=0)
2021-09-15 10:41:16,858 DEBUG com.zaxxer.hikari.pool.HikariPool [AttendenceManagementHikariCP housekeeper] AttendenceManagementHikariCP - Fill pool skipped, pool is at sufficient level.
2021-09-15 10:41:46,859 DEBUG com.zaxxer.hikari.pool.HikariPool [AttendenceManagementHikariCP housekeeper] AttendenceManagementHikariCP - Before cleanup stats (total=5, active=0, idle=5, waiting=0)
2021-09-15 10:41:46,859 DEBUG com.zaxxer.hikari.pool.HikariPool [AttendenceManagementHikariCP housekeeper] AttendenceManagementHikariCP - After cleanup  stats (total=5, active=0, idle=5, waiting=0)
2021-09-15 10:41:46,859 DEBUG com.zaxxer.hikari.pool.HikariPool [AttendenceManagementHikariCP housekeeper] AttendenceManagementHikariCP - Fill pool skipped, pool is at sufficient level.
2021-09-15 10:42:16,864 DEBUG com.zaxxer.hikari.pool.HikariPool [AttendenceManagementHikariCP housekeeper] AttendenceManagementHikariCP - Before cleanup stats (total=5, active=0, idle=5, waiting=0)
2021-09-15 10:42:16,864 DEBUG com.zaxxer.hikari.pool.HikariPool [AttendenceManagementHikariCP housekeeper] AttendenceManagementHikariCP - After cleanup  stats (total=5, active=0, idle=5, waiting=0)
2021-09-15 10:42:16,864 DEBUG com.zaxxer.hikari.pool.HikariPool [AttendenceManagementHikariCP housekeeper] AttendenceManagementHikariCP - Fill pool skipped, pool is at sufficient level.
2021-09-15 10:42:20,232 INFO org.springframework.boot.admin.SpringApplicationAdminMXBeanRegistrar$SpringApplicationAdmin [RMI TCP Connection(2)-127.0.0.1] Application shutdown requested.
2021-09-15 10:42:20,339 INFO org.springframework.orm.jpa.LocalContainerEntityManagerFactoryBean [RMI TCP Connection(2)-127.0.0.1] Closing JPA EntityManagerFactory for persistence unit 'default'
2021-09-15 10:42:20,351 INFO com.zaxxer.hikari.HikariDataSource [RMI TCP Connection(2)-127.0.0.1] AttendenceManagementHikariCP - Shutdown initiated...
2021-09-15 10:42:20,351 DEBUG com.zaxxer.hikari.pool.HikariPool [RMI TCP Connection(2)-127.0.0.1] AttendenceManagementHikariCP - Before shutdown stats (total=5, active=0, idle=5, waiting=0)
2021-09-15 10:42:20,363 DEBUG com.zaxxer.hikari.pool.PoolBase [AttendenceManagementHikariCP connection closer] AttendenceManagementHikariCP - Closing connection oracle.jdbc.driver.T4CConnection@7ef60c02: (connection evicted)
2021-09-15 10:42:20,365 DEBUG com.zaxxer.hikari.pool.PoolBase [AttendenceManagementHikariCP connection closer] AttendenceManagementHikariCP - Closing connection oracle.jdbc.driver.T4CConnection@7aa49014: (connection evicted)
2021-09-15 10:42:20,366 DEBUG com.zaxxer.hikari.pool.PoolBase [AttendenceManagementHikariCP connection closer] AttendenceManagementHikariCP - Closing connection oracle.jdbc.driver.T4CConnection@54924984: (connection evicted)
2021-09-15 10:42:20,367 DEBUG com.zaxxer.hikari.pool.PoolBase [AttendenceManagementHikariCP connection closer] AttendenceManagementHikariCP - Closing connection oracle.jdbc.driver.T4CConnection@2c09ca2c: (connection evicted)
2021-09-15 10:42:20,367 DEBUG com.zaxxer.hikari.pool.PoolBase [AttendenceManagementHikariCP connection closer] AttendenceManagementHikariCP - Closing connection oracle.jdbc.driver.T4CConnection@1d2ec9fb: (connection evicted)
2021-09-15 10:42:20,371 DEBUG com.zaxxer.hikari.pool.HikariPool [RMI TCP Connection(2)-127.0.0.1] AttendenceManagementHikariCP - After shutdown stats (total=0, active=0, idle=0, waiting=0)
2021-09-15 10:42:20,371 INFO com.zaxxer.hikari.HikariDataSource [RMI TCP Connection(2)-127.0.0.1] AttendenceManagementHikariCP - Shutdown completed.
